0 verbose cli /usr/local/bin/node /usr/local/bin/npm
1 info using npm@10.9.3
2 info using node@v21.7.3
3 silly config load:file:/usr/local/lib/node_modules/npm/npmrc
4 silly config load:file:/home/container/.npmrc
5 silly config load:file:/usr/local/etc/npmrc
6 verbose title npm install
7 verbose argv "install"
8 verbose logfile logs-max:10 dir:/home/container/.npm/_logs/2025-08-22T10_49_37_823Z-
9 verbose logfile /home/container/.npm/_logs/2025-08-22T10_49_37_823Z-debug-0.log
10 silly logfile done cleaning log files
11 silly packumentCache heap:271581184 maxSize:67895296 maxEntrySize:33947648
12 verbose shrinkwrap failed to load node_modules/.package-lock.json missing from node_modules: node_modules/padel-ladder-frontend
13 silly idealTree buildDeps
14 silly reify mark retired [ '/home/container/node_modules/padel-ladder-frontend' ]
15 silly reify mark retired [ '/home/container/node_modules/@js-sdsl/ordered-map' ]
16 silly reify moves {
16 silly reify   '/home/container/node_modules/padel-ladder-frontend': '/home/container/node_modules/.padel-ladder-frontend-6LTBBM5k',
16 silly reify   '/home/container/node_modules/@js-sdsl/ordered-map': '/home/container/node_modules/@js-sdsl/.ordered-map-pSGSSNyo'
16 silly reify }
17 silly audit bulk request {
17 silly audit   'padel-ladder-backend': [ '0.1.0' ],
17 silly audit   accepts: [ '1.3.8' ],
17 silly audit   'array-flatten': [ '1.1.1' ],
17 silly audit   bcryptjs: [ '2.4.3' ],
17 silly audit   'body-parser': [ '1.20.3' ],
17 silly audit   'brace-expansion': [ '1.1.12', '2.0.2' ],
17 silly audit   bytes: [ '3.1.2' ],
17 silly audit   'call-bound': [ '1.0.4' ],
17 silly audit   'concat-map': [ '0.0.1' ],
17 silly audit   'content-disposition': [ '0.5.4' ],
17 silly audit   'content-type': [ '1.0.5' ],
17 silly audit   cookie: [ '0.7.1' ],
17 silly audit   'cookie-signature': [ '1.0.6' ],
17 silly audit   cors: [ '2.8.5' ],
17 silly audit   debug: [ '2.6.9', '4.4.1' ],
17 silly audit   depd: [ '2.0.0' ],
17 silly audit   destroy: [ '1.2.0' ],
17 silly audit   dotenv: [ '16.6.1' ],
17 silly audit   'ee-first': [ '1.1.1' ],
17 silly audit   encodeurl: [ '2.0.0', '1.0.2' ],
17 silly audit   'escape-html': [ '1.0.3' ],
17 silly audit   etag: [ '1.8.1' ],
17 silly audit   express: [ '4.21.2' ],
17 silly audit   finalhandler: [ '1.3.1' ],
17 silly audit   forwarded: [ '0.2.0' ],
17 silly audit   fresh: [ '0.5.2' ],
17 silly audit   'has-flag': [ '3.0.0' ],
17 silly audit   'http-errors': [ '2.0.0' ],
17 silly audit   'iconv-lite': [ '0.4.24' ],
17 silly audit   'ignore-by-default': [ '1.0.1' ],
17 silly audit   'ipaddr.js': [ '1.9.1' ],
17 silly audit   'merge-descriptors': [ '1.0.3' ],
17 silly audit   methods: [ '1.1.2' ],
17 silly audit   mime: [ '1.6.0', '3.0.0' ],
17 silly audit   minimatch: [ '3.1.2', '9.0.5' ],
17 silly audit   ms: [ '2.0.0', '2.1.3' ],
17 silly audit   negotiator: [ '0.6.3' ],
17 silly audit   nodemon: [ '3.1.10' ],
17 silly audit   'object-inspect': [ '1.13.4' ],
17 silly audit   'on-finished': [ '2.4.1' ],
17 silly audit   parseurl: [ '1.3.3' ],
17 silly audit   'path-to-regexp': [ '0.1.12' ],
17 silly audit   'proxy-addr': [ '2.0.7' ],
17 silly audit   'pstree.remy': [ '1.1.8' ],
17 silly audit   qs: [ '6.13.0' ],
17 silly audit   'range-parser': [ '1.2.1' ],
17 silly audit   'raw-body': [ '2.5.2' ],
17 silly audit   'safer-buffer': [ '2.1.2' ],
17 silly audit   send: [ '0.19.0' ],
17 silly audit   'serve-static': [ '1.16.2' ],
17 silly audit   setprototypeof: [ '1.2.0' ],
17 silly audit   'side-channel': [ '1.1.0' ],
17 silly audit   'side-channel-list': [ '1.0.0' ],
17 silly audit   'side-channel-map': [ '1.0.1' ],
17 silly audit   'side-channel-weakmap': [ '1.0.2' ],
17 silly audit   'simple-update-notifier': [ '2.0.0' ],
17 silly audit   'sql.js': [ '1.13.0' ],
17 silly audit   statuses: [ '2.0.1' ],
17 silly audit   'supports-color': [ '5.5.0' ],
17 silly audit   toidentifier: [ '1.0.1' ],
17 silly audit   touch: [ '3.1.1' ],
17 silly audit   undefsafe: [ '2.0.5' ],
17 silly audit   unpipe: [ '1.0.0' ],
17 silly audit   'utils-merge': [ '1.0.1' ],
17 silly audit   uuid: [ '9.0.1', '8.3.2', '10.0.0' ],
17 silly audit   vary: [ '1.1.2' ],
17 silly audit   'padel-ladder-frontend': [ '0.1.0' ],
17 silly audit   '@ampproject/remapping': [ '2.3.0' ],
17 silly audit   '@babel/code-frame': [ '7.27.1' ],
17 silly audit   '@babel/compat-data': [ '7.28.0' ],
17 silly audit   '@babel/core': [ '7.28.3' ],
17 silly audit   '@babel/generator': [ '7.28.3' ],
17 silly audit   '@babel/helper-compilation-targets': [ '7.27.2' ],
17 silly audit   '@babel/helper-globals': [ '7.28.0' ],
17 silly audit   '@babel/helper-module-imports': [ '7.27.1' ],
17 silly audit   '@babel/helper-module-transforms': [ '7.28.3' ],
17 silly audit   '@babel/helper-plugin-utils': [ '7.27.1' ],
17 silly audit   '@babel/helper-string-parser': [ '7.27.1' ],
17 silly audit   '@babel/helper-validator-identifier': [ '7.27.1' ],
17 silly audit   '@babel/helper-validator-option': [ '7.27.1' ],
17 silly audit   '@babel/helpers': [ '7.28.3' ],
17 silly audit   '@babel/parser': [ '7.28.3' ],
17 silly audit   '@babel/plugin-transform-react-jsx-self': [ '7.27.1' ],
17 silly audit   '@babel/plugin-transform-react-jsx-source': [ '7.27.1' ],
17 silly audit   '@babel/template': [ '7.27.2' ],
17 silly audit   '@babel/traverse': [ '7.28.3' ],
17 silly audit   '@babel/types': [ '7.28.2' ],
17 silly audit   '@esbuild/darwin-arm64': [ '0.21.5' ],
17 silly audit   '@remix-run/router': [ '1.23.0' ],
17 silly audit   '@rolldown/pluginutils': [ '1.0.0-beta.27' ],
17 silly audit   '@rollup/rollup-darwin-arm64': [ '4.47.1' ],
17 silly audit   '@types/babel__core': [ '7.20.5' ],
17 silly audit   '@types/babel__generator': [ '7.27.0' ],
17 silly audit   '@types/babel__template': [ '7.4.4' ],
17 silly audit   '@types/babel__traverse': [ '7.28.0' ],
17 silly audit   '@types/estree': [ '1.0.8' ],
17 silly audit   '@vitejs/plugin-react': [ '4.7.0' ],
17 silly audit   'convert-source-map': [ '2.0.0' ],
17 silly audit   esbuild: [ '0.21.5' ],
17 silly audit   gensync: [ '1.0.0-beta.2' ],
17 silly audit   'js-tokens': [ '4.0.0' ],
17 silly audit   jsesc: [ '3.1.0' ],
17 silly audit   json5: [ '2.2.3' ],
17 silly audit   'loose-envify': [ '1.4.0' ],
17 silly audit   'lru-cache': [ '5.1.1', '6.0.0', '10.4.3' ],
17 silly audit   react: [ '18.3.1' ],
17 silly audit   'react-dom': [ '18.3.1' ],
17 silly audit   'react-refresh': [ '0.17.0' ],
17 silly audit   'react-router': [ '6.30.1' ],
17 silly audit   'react-router-dom': [ '6.30.1' ],
17 silly audit   rollup: [ '4.47.1' ],
17 silly audit   scheduler: [ '0.23.2' ],
17 silly audit   semver: [ '6.3.1', '7.7.2' ],
17 silly audit   vite: [ '5.4.19' ],
17 silly audit   yallist: [ '3.1.1', '4.0.0' ],
17 silly audit   '@alloc/quick-lru': [ '5.2.0' ],
17 silly audit   '@fastify/busboy': [ '3.2.0' ],
17 silly audit   '@firebase/app-check-interop-types': [ '0.3.2' ],
17 silly audit   '@firebase/app-types': [ '0.9.2' ],
17 silly audit   '@firebase/auth-interop-types': [ '0.2.3' ],
17 silly audit   '@firebase/component': [ '0.6.9' ],
17 silly audit   '@firebase/database': [ '1.0.8' ],
17 silly audit   '@firebase/database-compat': [ '1.0.8' ],
17 silly audit   '@firebase/database-types': [ '1.0.5' ],
17 silly audit   '@firebase/logger': [ '0.4.2' ],
17 silly audit   '@firebase/util': [ '1.10.0' ],
17 silly audit   '@google-cloud/firestore': [ '7.11.3' ],
17 silly audit   '@google-cloud/paginator': [ '5.0.2' ],
17 silly audit   '@google-cloud/projectify': [ '4.0.0' ],
17 silly audit   '@google-cloud/promisify': [ '4.0.0' ],
17 silly audit   '@google-cloud/storage': [ '7.17.0' ],
17 silly audit   '@grpc/proto-loader': [ '0.7.15' ],
17 silly audit   '@isaacs/cliui': [ '8.0.2' ],
17 silly audit   'ansi-regex': [ '6.2.0', '5.0.1' ],
17 silly audit   'ansi-styles': [ '6.2.1', '4.3.0' ],
17 silly audit   'emoji-regex': [ '9.2.2', '8.0.0' ],
17 silly audit   'string-width': [ '5.1.2', '4.2.3' ],
17 silly audit   'strip-ansi': [ '7.1.0', '6.0.1' ],
17 silly audit   'wrap-ansi': [ '8.1.0', '7.0.0' ],
17 silly audit   '@jridgewell/gen-mapping': [ '0.3.13' ],
17 silly audit   '@jridgewell/resolve-uri': [ '3.1.2' ],
17 silly audit   '@jridgewell/sourcemap-codec': [ '1.5.5' ],
17 silly audit   '@jridgewell/trace-mapping': [ '0.3.30' ],
17 silly audit   '@nodelib/fs.scandir': [ '2.1.5' ],
17 silly audit   '@nodelib/fs.stat': [ '2.0.5' ],
17 silly audit   '@nodelib/fs.walk': [ '1.2.8' ],
17 silly audit   '@opentelemetry/api': [ '1.9.0' ],
17 silly audit   '@pkgjs/parseargs': [ '0.11.0' ],
17 silly audit   '@protobufjs/aspromise': [ '1.1.2' ],
17 silly audit   '@protobufjs/base64': [ '1.1.2' ],
17 silly audit   '@protobufjs/codegen': [ '2.0.4' ],
17 silly audit   '@protobufjs/eventemitter': [ '1.1.0' ],
17 silly audit   '@protobufjs/fetch': [ '1.1.0' ],
17 silly audit   '@protobufjs/float': [ '1.0.2' ],
17 silly audit   '@protobufjs/inquire': [ '1.1.0' ],
17 silly audit   '@protobufjs/path': [ '1.1.2' ],
17 silly audit   '@protobufjs/pool': [ '1.1.0' ],
17 silly audit   '@protobufjs/utf8': [ '1.1.0' ],
17 silly audit   '@tootallnate/once': [ '2.0.0' ],
17 silly audit   '@types/body-parser': [ '1.19.6' ],
17 silly audit   '@types/caseless': [ '0.12.5' ],
17 silly audit   '@types/connect': [ '3.4.38' ],
17 silly audit   '@types/express': [ '4.17.23' ],
17 silly audit   '@types/express-serve-static-core': [ '4.19.6' ],
17 silly audit   '@types/http-errors': [ '2.0.5' ],
17 silly audit   '@types/jsonwebtoken': [ '9.0.10' ],
17 silly audit   '@types/long': [ '4.0.2' ],
17 silly audit   '@types/mime': [ '1.3.5' ],
17 silly audit   '@types/ms': [ '2.1.0' ],
17 silly audit   '@types/node': [ '22.17.2' ],
17 silly audit   '@types/qs': [ '6.14.0' ],
17 silly audit   '@types/range-parser': [ '1.2.7' ],
17 silly audit   '@types/request': [ '2.48.13' ],
17 silly audit   '@types/send': [ '0.17.5' ],
17 silly audit   '@types/serve-static': [ '1.15.8' ],
17 silly audit   '@types/tough-cookie': [ '4.0.5' ],
17 silly audit   'abort-controller': [ '3.0.0' ],
17 silly audit   'agent-base': [ '7.1.4', '6.0.2' ],
17 silly audit   'any-promise': [ '1.3.0' ],
17 silly audit   anymatch: [ '3.1.3' ],
17 silly audit   'append-field': [ '1.0.0' ],
17 silly audit   arg: [ '5.0.2' ],
17 silly audit   arrify: [ '2.0.1' ],
17 silly audit   'async-retry': [ '1.3.3' ],
17 silly audit   asynckit: [ '0.4.0' ],
17 silly audit   autoprefixer: [ '10.4.21' ],
17 silly audit   'balanced-match': [ '1.0.2' ],
17 silly audit   'base64-js': [ '1.5.1' ],
17 silly audit   'bignumber.js': [ '9.3.1' ],
17 silly audit   'binary-extensions': [ '2.3.0' ],
17 silly audit   braces: [ '3.0.3' ],
17 silly audit   browserslist: [ '4.25.3' ],
17 silly audit   'buffer-equal-constant-time': [ '1.0.1' ],
17 silly audit   'buffer-from': [ '1.1.2' ],
17 silly audit   busboy: [ '1.6.0' ],
17 silly audit   'call-bind-apply-helpers': [ '1.0.2' ],
17 silly audit   'camelcase-css': [ '2.0.1' ],
17 silly audit   'caniuse-lite': [ '1.0.30001737' ],
17 silly audit   chokidar: [ '3.6.0' ],
17 silly audit   'glob-parent': [ '5.1.2', '6.0.2' ],
17 silly audit   cliui: [ '8.0.1' ],
17 silly audit   'color-convert': [ '2.0.1' ],
17 silly audit   'color-name': [ '1.1.4' ],
17 silly audit   'combined-stream': [ '1.0.8' ],
17 silly audit   commander: [ '4.1.1' ],
17 silly audit   'concat-stream': [ '1.6.2' ],
17 silly audit   'readable-stream': [ '2.3.8', '3.6.2' ],
17 silly audit   'safe-buffer': [ '5.1.2', '5.2.1' ],
17 silly audit   string_decoder: [ '1.1.1', '1.3.0' ],
17 silly audit   'core-util-is': [ '1.0.3' ],
17 silly audit   'cross-spawn': [ '7.0.6' ],
17 silly audit   cssesc: [ '3.0.0' ],
17 silly audit   'delayed-stream': [ '1.0.0' ],
17 silly audit   didyoumean: [ '1.2.2' ],
17 silly audit   dlv: [ '1.1.3' ],
17 silly audit   'dunder-proto': [ '1.0.1' ],
17 silly audit   duplexify: [ '4.1.3' ],
17 silly audit   eastasianwidth: [ '0.2.0' ],
17 silly audit   'ecdsa-sig-formatter': [ '1.0.11' ],
17 silly audit   'electron-to-chromium': [ '1.5.208' ],
17 silly audit   'end-of-stream': [ '1.4.5' ],
17 silly audit   'es-define-property': [ '1.0.1' ],
17 silly audit   'es-errors': [ '1.3.0' ],
17 silly audit   'es-object-atoms': [ '1.1.1' ],
17 silly audit   'es-set-tostringtag': [ '2.1.0' ],
17 silly audit   escalade: [ '3.2.0' ],
17 silly audit   'event-target-shim': [ '5.0.1' ],
17 silly audit   extend: [ '3.0.2' ],
17 silly audit   'farmhash-modern': [ '1.1.0' ],
17 silly audit   'fast-deep-equal': [ '3.1.3' ],
17 silly audit   'fast-glob': [ '3.3.3' ],
17 silly audit   'fast-xml-parser': [ '4.5.3' ],
17 silly audit   fastq: [ '1.19.1' ],
17 silly audit   'faye-websocket': [ '0.11.4' ],
17 silly audit   'fill-range': [ '7.1.1' ],
17 silly audit   'firebase-admin': [ '12.7.0' ],
17 silly audit   'foreground-child': [ '3.3.1' ],
17 silly audit   'form-data': [ '2.5.5' ],
17 silly audit   'fraction.js': [ '4.3.7' ],
17 silly audit   fsevents: [ '2.3.3' ],
17 silly audit   'function-bind': [ '1.1.2' ],
17 silly audit   'functional-red-black-tree': [ '1.0.1' ],
17 silly audit   gaxios: [ '6.7.1' ],
17 silly audit   'gcp-metadata': [ '6.1.1' ],
17 silly audit   'get-caller-file': [ '2.0.5' ],
17 silly audit   'get-intrinsic': [ '1.3.0' ],
17 silly audit   'get-proto': [ '1.0.1' ],
17 silly audit   glob: [ '10.4.5' ],
17 silly audit   'google-auth-library': [ '9.15.1' ],
17 silly audit   'google-gax': [ '4.6.1' ],
17 silly audit   'google-logging-utils': [ '0.0.2' ],
17 silly audit   gopd: [ '1.2.0' ],
17 silly audit   gtoken: [ '7.1.0' ],
17 silly audit   'has-symbols': [ '1.1.0' ],
17 silly audit   'has-tostringtag': [ '1.0.2' ],
17 silly audit   hasown: [ '2.0.2' ],
17 silly audit   'html-entities': [ '2.6.0' ],
17 silly audit   'http-parser-js': [ '0.5.10' ],
17 silly audit   'http-proxy-agent': [ '5.0.0' ],
17 silly audit   'https-proxy-agent': [ '7.0.6', '5.0.1' ],
17 silly audit   inherits: [ '2.0.4' ],
17 silly audit   'is-binary-path': [ '2.1.0' ],
17 silly audit   'is-core-module': [ '2.16.1' ],
17 silly audit   'is-extglob': [ '2.1.1' ],
17 silly audit   'is-fullwidth-code-point': [ '3.0.0' ],
17 silly audit   'is-glob': [ '4.0.3' ],
17 silly audit   'is-number': [ '7.0.0' ],
17 silly audit   'is-stream': [ '2.0.1' ],
17 silly audit   isarray: [ '1.0.0' ],
17 silly audit   isexe: [ '2.0.0' ],
17 silly audit   jackspeak: [ '3.4.3' ],
17 silly audit   jiti: [ '1.21.7' ],
17 silly audit   jose: [ '4.15.9' ],
17 silly audit   'json-bigint': [ '1.0.0' ],
17 silly audit   jsonwebtoken: [ '9.0.2' ],
17 silly audit   jwa: [ '1.4.2', '2.0.1' ],
17 silly audit   jws: [ '3.2.2', '4.0.0' ],
17 silly audit   'jwks-rsa': [ '3.2.0' ],
17 silly audit   lilconfig: [ '3.1.3' ],
17 silly audit   limiter: [ '1.1.5' ],
17 silly audit   'lines-and-columns': [ '1.2.4' ],
17 silly audit   'lodash.camelcase': [ '4.3.0' ],
17 silly audit   'lodash.clonedeep': [ '4.5.0' ],
17 silly audit   'lodash.includes': [ '4.3.0' ],
17 silly audit   'lodash.isboolean': [ '3.0.3' ],
17 silly audit   'lodash.isinteger': [ '4.0.4' ],
17 silly audit   'lodash.isnumber': [ '3.0.3' ],
17 silly audit   'lodash.isplainobject': [ '4.0.6' ],
17 silly audit   'lodash.isstring': [ '4.0.1' ],
17 silly audit   'lodash.once': [ '4.1.1' ],
17 silly audit   long: [ '5.3.2' ],
17 silly audit   'lru-memoizer': [ '2.3.0' ],
17 silly audit   'math-intrinsics': [ '1.1.0' ],
17 silly audit   'media-typer': [ '0.3.0' ],
17 silly audit   merge2: [ '1.4.1' ],
17 silly audit   micromatch: [ '4.0.8' ],
17 silly audit   'mime-db': [ '1.52.0' ],
17 silly audit   'mime-types': [ '2.1.35' ],
17 silly audit   minimist: [ '1.2.8' ],
17 silly audit   minipass: [ '7.1.2' ],
17 silly audit   mkdirp: [ '0.5.6' ],
17 silly audit   multer: [ '1.4.5-lts.2' ],
17 silly audit   mz: [ '2.7.0' ],
17 silly audit   nanoid: [ '3.3.11' ],
17 silly audit   'node-fetch': [ '2.7.0' ],
17 silly audit   'node-forge': [ '1.3.1' ],
17 silly audit   'node-releases': [ '2.0.19' ],
17 silly audit   'normalize-path': [ '3.0.0' ],
17 silly audit   'normalize-range': [ '0.1.2' ],
17 silly audit   'object-assign': [ '4.1.1' ],
17 silly audit   'object-hash': [ '3.0.0' ],
17 silly audit   once: [ '1.4.0' ],
17 silly audit   'p-limit': [ '3.1.0' ],
17 silly audit   'package-json-from-dist': [ '1.0.1' ],
17 silly audit   'path-key': [ '3.1.1' ],
17 silly audit   'path-parse': [ '1.0.7' ],
17 silly audit   'path-scurry': [ '1.11.1' ],
17 silly audit   picocolors: [ '1.1.1' ],
17 silly audit   picomatch: [ '2.3.1' ],
17 silly audit   pify: [ '2.3.0' ],
17 silly audit   pirates: [ '4.0.7' ],
17 silly audit   postcss: [ '8.5.6' ],
17 silly audit   'postcss-import': [ '15.1.0' ],
17 silly audit   'postcss-js': [ '4.0.1' ],
17 silly audit   'postcss-load-config': [ '4.0.2' ],
17 silly audit   'postcss-nested': [ '6.2.0' ],
17 silly audit   'postcss-selector-parser': [ '6.1.2' ],
17 silly audit   'postcss-value-parser': [ '4.2.0' ],
17 silly audit   'process-nextick-args': [ '2.0.1' ],
17 silly audit   'proto3-json-serializer': [ '2.0.2' ],
17 silly audit   protobufjs: [ '7.5.4' ],
17 silly audit   'queue-microtask': [ '1.2.3' ],
17 silly audit   'read-cache': [ '1.0.0' ],
17 silly audit   readdirp: [ '3.6.0' ],
17 silly audit   'require-directory': [ '2.1.1' ],
17 silly audit   resolve: [ '1.22.10' ],
17 silly audit   retry: [ '0.13.1' ],
17 silly audit   'retry-request': [ '7.0.2' ],
17 silly audit   reusify: [ '1.1.0' ],
17 silly audit   'run-parallel': [ '1.2.0' ],
17 silly audit   'shebang-command': [ '2.0.0' ],
17 silly audit   'shebang-regex': [ '3.0.0' ],
17 silly audit   'signal-exit': [ '4.1.0' ],
17 silly audit   'source-map-js': [ '1.2.1' ],
17 silly audit   'stream-events': [ '1.0.5' ],
17 silly audit   'stream-shift': [ '1.0.3' ],
17 silly audit   streamsearch: [ '1.1.0' ],
17 silly audit   strnum: [ '1.1.2' ],
17 silly audit   stubs: [ '3.0.0' ],
17 silly audit   sucrase: [ '3.35.0' ],
17 silly audit   'supports-preserve-symlinks-flag': [ '1.0.0' ],
17 silly audit   tailwindcss: [ '3.4.17' ],
17 silly audit   'teeny-request': [ '9.0.0' ],
17 silly audit   thenify: [ '3.3.1' ],
17 silly audit   'thenify-all': [ '1.6.0' ],
17 silly audit   'to-regex-range': [ '5.0.1' ],
17 silly audit   tr46: [ '0.0.3' ],
17 silly audit   'ts-interface-checker': [ '0.1.13' ],
17 silly audit   tslib: [ '2.8.1' ],
17 silly audit   'type-is': [ '1.6.18' ],
17 silly audit   typedarray: [ '0.0.6' ],
17 silly audit   'undici-types': [ '6.21.0' ],
17 silly audit   'update-browserslist-db': [ '1.1.3' ],
17 silly audit   'util-deprecate': [ '1.0.2' ],
17 silly audit   'webidl-conversions': [ '3.0.1' ],
17 silly audit   'websocket-driver': [ '0.7.4' ],
17 silly audit   'websocket-extensions': [ '0.1.4' ],
17 silly audit   'whatwg-url': [ '5.0.0' ],
17 silly audit   which: [ '2.0.2' ],
17 silly audit   wrappy: [ '1.0.2' ],
17 silly audit   xtend: [ '4.0.2' ],
17 silly audit   y18n: [ '5.0.8' ],
17 silly audit   yaml: [ '2.8.1' ],
17 silly audit   yargs: [ '17.7.2' ],
17 silly audit   'yargs-parser': [ '21.1.1' ],
17 silly audit   'yocto-queue': [ '0.1.0' ]
17 silly audit }
18 verbose reify failed optional dependency /home/container/node_modules/fsevents
19 silly reify mark deleted [ '/home/container/node_modules/fsevents' ]
20 http fetch POST 200 https://registry.npmjs.org/-/npm/v1/security/advisories/bulk 573ms
21 silly audit report {
21 silly audit report   esbuild: [
21 silly audit report     {
21 silly audit report       id: 1102341,
21 silly audit report       url: 'https://github.com/advisories/GHSA-67mh-4wv8-2f99',
21 silly audit report       title: 'esbuild enables any website to send any requests to the development server and read the response',
21 silly audit report       severity: 'moderate',
21 silly audit report       vulnerable_versions: '<=0.24.2',
21 silly audit report       cwe: [Array],
21 silly audit report       cvss: [Object]
21 silly audit report     }
21 silly audit report   ]
21 silly audit report }
22 silly packumentCache corgi:https://registry.npmjs.org/esbuild cache-miss
23 http fetch GET 200 https://registry.npmjs.org/esbuild 61ms (cache miss)
24 silly packumentCache corgi:https://registry.npmjs.org/esbuild set size:undefined disposed:false
25 silly packumentCache corgi:https://registry.npmjs.org/vite cache-miss
26 http fetch GET 200 https://registry.npmjs.org/vite 99ms (cache miss)
27 silly packumentCache corgi:https://registry.npmjs.org/vite set size:undefined disposed:false
28 silly packumentCache corgi:https://registry.npmjs.org/@vitejs%2fplugin-react cache-miss
29 http fetch GET 200 https://registry.npmjs.org/@vitejs%2fplugin-react 310ms (cache miss)
30 silly packumentCache corgi:https://registry.npmjs.org/@vitejs%2fplugin-react set size:undefined disposed:false
31 silly ADD
32 silly REMOVE node_modules/@js-sdsl/ordered-map
33 silly CHANGE node_modules/padel-ladder-frontend
34 verbose cwd /home/container
35 verbose os Linux 6.14.0-1009-oracle
36 verbose node v21.7.3
37 verbose npm  v10.9.3
38 verbose exit 0
39 info ok
