0 verbose cli /usr/local/bin/node /usr/local/bin/npm
1 info using npm@10.9.3
2 info using node@v21.7.3
3 silly config load:file:/usr/local/lib/node_modules/npm/npmrc
4 silly config load:file:/home/container/.npmrc
5 silly config load:file:/usr/local/etc/npmrc
6 verbose title npm install
7 verbose argv "install" "--workspace" "backend"
8 verbose logfile logs-max:10 dir:/home/container/.npm/_logs/2025-08-22T10_49_35_095Z-
9 verbose logfile /home/container/.npm/_logs/2025-08-22T10_49_35_095Z-debug-0.log
10 silly logfile done cleaning log files
11 silly packumentCache heap:271581184 maxSize:67895296 maxEntrySize:33947648
12 verbose shrinkwrap failed to load node_modules/.package-lock.json out of date, updated: node_modules
13 http fetch GET 200 https://registry.npmjs.org/npm 202ms
14 silly idealTree buildDeps
15 silly fetch manifest multer@^1.4.5-lts.1
16 silly packumentCache full:https://registry.npmjs.org/multer cache-miss
17 http fetch GET 200 https://registry.npmjs.org/multer 253ms (cache miss)
18 silly packumentCache full:https://registry.npmjs.org/multer set size:undefined disposed:false
19 silly placeDep ROOT multer@1.4.5-lts.2 OK for: padel-ladder-backend@0.1.0 want: ^1.4.5-lts.1
20 silly fetch manifest xtend@^4.0.0
21 silly packumentCache full:https://registry.npmjs.org/xtend cache-miss
22 silly fetch manifest busboy@^1.0.0
23 silly packumentCache full:https://registry.npmjs.org/busboy cache-miss
24 silly fetch manifest mkdirp@^0.5.4
25 silly packumentCache full:https://registry.npmjs.org/mkdirp cache-miss
26 http fetch GET 200 https://registry.npmjs.org/xtend 33ms (cache miss)
27 silly packumentCache full:https://registry.npmjs.org/xtend set size:undefined disposed:false
28 silly fetch manifest type-is@^1.6.4
29 silly packumentCache full:https://registry.npmjs.org/type-is cache-miss
30 http fetch GET 200 https://registry.npmjs.org/type-is 40ms (cache miss)
31 silly packumentCache full:https://registry.npmjs.org/type-is set size:undefined disposed:false
32 silly fetch manifest append-field@^1.0.0
33 silly packumentCache full:https://registry.npmjs.org/append-field cache-miss
34 http fetch GET 200 https://registry.npmjs.org/mkdirp 88ms (cache miss)
35 silly packumentCache full:https://registry.npmjs.org/mkdirp set size:undefined disposed:false
36 silly fetch manifest concat-stream@^1.5.2
37 silly packumentCache full:https://registry.npmjs.org/concat-stream cache-miss
38 http fetch GET 200 https://registry.npmjs.org/concat-stream 40ms (cache miss)
39 silly packumentCache full:https://registry.npmjs.org/concat-stream set size:undefined disposed:false
40 http fetch GET 200 https://registry.npmjs.org/busboy 278ms (cache miss)
41 silly packumentCache full:https://registry.npmjs.org/busboy set size:undefined disposed:false
42 http fetch GET 200 https://registry.npmjs.org/append-field 229ms (cache miss)
43 silly packumentCache full:https://registry.npmjs.org/append-field set size:undefined disposed:false
44 silly placeDep ROOT append-field@1.0.0 OK for: multer@1.4.5-lts.2 want: ^1.0.0
45 silly placeDep ROOT busboy@1.6.0 OK for: multer@1.4.5-lts.2 want: ^1.0.0
46 silly placeDep ROOT concat-stream@1.6.2 OK for: multer@1.4.5-lts.2 want: ^1.5.2
47 silly placeDep ROOT mkdirp@0.5.6 OK for: multer@1.4.5-lts.2 want: ^0.5.4
48 silly placeDep ROOT type-is@1.6.18 OK for: multer@1.4.5-lts.2 want: ^1.6.4
49 silly placeDep ROOT xtend@4.0.2 OK for: multer@1.4.5-lts.2 want: ^4.0.0
50 silly fetch manifest streamsearch@^1.1.0
51 silly packumentCache full:https://registry.npmjs.org/streamsearch cache-miss
52 silly fetch manifest buffer-from@^1.0.0
53 silly packumentCache full:https://registry.npmjs.org/buffer-from cache-miss
54 silly fetch manifest readable-stream@^2.2.2
55 silly packumentCache full:https://registry.npmjs.org/readable-stream cache-miss
56 http fetch GET 200 https://registry.npmjs.org/streamsearch 35ms (cache miss)
57 silly packumentCache full:https://registry.npmjs.org/streamsearch set size:undefined disposed:false
58 silly fetch manifest typedarray@^0.0.6
59 silly packumentCache full:https://registry.npmjs.org/typedarray cache-miss
60 http fetch GET 200 https://registry.npmjs.org/buffer-from 51ms (cache miss)
61 silly packumentCache full:https://registry.npmjs.org/buffer-from set size:undefined disposed:false
62 silly fetch manifest minimist@^1.2.6
63 silly packumentCache full:https://registry.npmjs.org/minimist cache-miss
64 http fetch GET 200 https://registry.npmjs.org/readable-stream 55ms (cache miss)
65 silly packumentCache full:https://registry.npmjs.org/readable-stream set size:undefined disposed:false
66 silly fetch manifest media-typer@0.3.0
67 silly packumentCache full:https://registry.npmjs.org/media-typer cache-miss
68 http fetch GET 200 https://registry.npmjs.org/media-typer 38ms (cache miss)
69 silly packumentCache full:https://registry.npmjs.org/media-typer set size:undefined disposed:false
70 http fetch GET 200 https://registry.npmjs.org/minimist 49ms (cache miss)
71 silly packumentCache full:https://registry.npmjs.org/minimist set size:undefined disposed:false
72 http fetch GET 200 https://registry.npmjs.org/typedarray 230ms (cache miss)
73 silly packumentCache full:https://registry.npmjs.org/typedarray set size:undefined disposed:false
74 silly placeDep ROOT streamsearch@1.1.0 OK for: busboy@1.6.0 want: ^1.1.0
75 silly placeDep ROOT buffer-from@1.1.2 OK for: concat-stream@1.6.2 want: ^1.0.0
76 silly placeDep node_modules/concat-stream readable-stream@2.3.8 OK for: concat-stream@1.6.2 want: ^2.2.2
77 silly placeDep ROOT typedarray@0.0.6 OK for: concat-stream@1.6.2 want: ^0.0.6
78 silly fetch manifest isarray@~1.0.0
79 silly packumentCache full:https://registry.npmjs.org/isarray cache-miss
80 silly fetch manifest safe-buffer@~5.1.1
81 silly packumentCache full:https://registry.npmjs.org/safe-buffer cache-miss
82 silly fetch manifest core-util-is@~1.0.0
83 silly packumentCache full:https://registry.npmjs.org/core-util-is cache-miss
84 http fetch GET 200 https://registry.npmjs.org/isarray 33ms (cache miss)
85 silly packumentCache full:https://registry.npmjs.org/isarray set size:undefined disposed:false
86 silly fetch manifest string_decoder@~1.1.1
87 silly packumentCache full:https://registry.npmjs.org/string_decoder cache-miss
88 http fetch GET 200 https://registry.npmjs.org/core-util-is 35ms (cache miss)
89 silly packumentCache full:https://registry.npmjs.org/core-util-is set size:undefined disposed:false
90 silly fetch manifest process-nextick-args@~2.0.0
91 silly packumentCache full:https://registry.npmjs.org/process-nextick-args cache-miss
92 http fetch GET 200 https://registry.npmjs.org/safe-buffer 48ms (cache miss)
93 silly packumentCache full:https://registry.npmjs.org/safe-buffer set size:undefined disposed:false
94 http fetch GET 200 https://registry.npmjs.org/process-nextick-args 34ms (cache miss)
95 silly packumentCache full:https://registry.npmjs.org/process-nextick-args set size:undefined disposed:false
96 http fetch GET 200 https://registry.npmjs.org/string_decoder 38ms (cache miss)
97 silly packumentCache full:https://registry.npmjs.org/string_decoder set size:undefined disposed:false
98 silly placeDep ROOT minimist@1.2.8 OK for: mkdirp@0.5.6 want: ^1.2.6
99 silly placeDep ROOT media-typer@0.3.0 OK for: type-is@1.6.18 want: 0.3.0
100 silly placeDep ROOT core-util-is@1.0.3 OK for: readable-stream@2.3.8 want: ~1.0.0
101 silly placeDep ROOT isarray@1.0.0 OK for: readable-stream@2.3.8 want: ~1.0.0
102 silly placeDep ROOT process-nextick-args@2.0.1 OK for: readable-stream@2.3.8 want: ~2.0.0
103 silly placeDep node_modules/concat-stream safe-buffer@5.1.2 OK for: readable-stream@2.3.8 want: ~5.1.1
104 silly placeDep node_modules/concat-stream string_decoder@1.1.1 OK for: readable-stream@2.3.8 want: ~1.1.1
105 silly reify mark retired [ '/home/container/node_modules/padel-ladder-backend' ]
106 silly reify mark retired [
106 silly reify   '/home/container/node_modules/fast-xml-parser',
106 silly reify   '/home/container/node_modules/.bin/fxparser'
106 silly reify ]
107 silly reify mark retired [
107 silly reify   '/home/container/node_modules/gaxios/node_modules/uuid',
107 silly reify   '/home/container/node_modules/gaxios/node_modules/.bin/uuid'
107 silly reify ]
108 silly reify mark retired [
108 silly reify   '/home/container/node_modules/google-gax/node_modules/uuid',
108 silly reify   '/home/container/node_modules/google-gax/node_modules/.bin/uuid'
108 silly reify ]
109 silly reify mark retired [
109 silly reify   '/home/container/node_modules/mime',
109 silly reify   '/home/container/node_modules/.bin/mime'
109 silly reify ]
110 silly reify mark retired [
110 silly reify   '/home/container/node_modules/semver',
110 silly reify   '/home/container/node_modules/.bin/semver'
110 silly reify ]
111 silly reify mark retired [
111 silly reify   '/home/container/node_modules/teeny-request/node_modules/uuid',
111 silly reify   '/home/container/node_modules/teeny-request/node_modules/.bin/uuid'
111 silly reify ]
112 silly reify mark retired [
112 silly reify   '/home/container/node_modules/uuid',
112 silly reify   '/home/container/node_modules/.bin/uuid'
112 silly reify ]
113 silly reify mark retired [
113 silly reify   '/home/container/node_modules/@google-cloud/storage/node_modules/uuid',
113 silly reify   '/home/container/node_modules/@google-cloud/storage/node_modules/.bin/uuid'
113 silly reify ]
114 silly reify mark retired [
114 silly reify   '/home/container/node_modules/@grpc/proto-loader',
114 silly reify   '/home/container/node_modules/.bin/proto-loader-gen-types'
114 silly reify ]
115 silly reify mark retired [ '/home/container/backend/node_modules/anymatch' ]
116 silly reify mark retired [ '/home/container/backend/node_modules/balanced-match' ]
117 silly reify mark retired [ '/home/container/backend/node_modules/binary-extensions' ]
118 silly reify mark retired [ '/home/container/backend/node_modules/braces' ]
119 silly reify mark retired [ '/home/container/backend/node_modules/chokidar' ]
120 silly reify mark retired [ '/home/container/backend/node_modules/fill-range' ]
121 silly reify mark retired [ '/home/container/backend/node_modules/glob-parent' ]
122 silly reify mark retired [ '/home/container/backend/node_modules/is-binary-path' ]
123 silly reify mark retired [ '/home/container/backend/node_modules/is-extglob' ]
124 silly reify mark retired [ '/home/container/backend/node_modules/is-glob' ]
125 silly reify mark retired [ '/home/container/backend/node_modules/is-number' ]
126 silly reify mark retired [ '/home/container/backend/node_modules/media-typer' ]
127 silly reify mark retired [ '/home/container/backend/node_modules/normalize-path' ]
128 silly reify mark retired [ '/home/container/backend/node_modules/object-assign' ]
129 silly reify mark retired [ '/home/container/backend/node_modules/picomatch' ]
130 silly reify mark retired [ '/home/container/backend/node_modules/readdirp' ]
131 silly reify mark retired [ '/home/container/backend/node_modules/to-regex-range' ]
132 silly reify mark retired [ '/home/container/backend/node_modules/type-is' ]
133 silly reify moves {
133 silly reify   '/home/container/node_modules/padel-ladder-backend': '/home/container/node_modules/.padel-ladder-backend-i6RefI04',
133 silly reify   '/home/container/node_modules/fast-xml-parser': '/home/container/node_modules/.fast-xml-parser-9InGuqkU',
133 silly reify   '/home/container/node_modules/.bin/fxparser': '/home/container/node_modules/.bin/.fxparser-8II6uP1h',
133 silly reify   '/home/container/node_modules/gaxios/node_modules/uuid': '/home/container/node_modules/gaxios/node_modules/.uuid-tVRmdAt2',
133 silly reify   '/home/container/node_modules/gaxios/node_modules/.bin/uuid': '/home/container/node_modules/gaxios/node_modules/.bin/.uuid-AxdT4asN',
133 silly reify   '/home/container/node_modules/google-gax/node_modules/uuid': '/home/container/node_modules/google-gax/node_modules/.uuid-kNVdFhZm',
133 silly reify   '/home/container/node_modules/google-gax/node_modules/.bin/uuid': '/home/container/node_modules/google-gax/node_modules/.bin/.uuid-XkVXVQt9',
133 silly reify   '/home/container/node_modules/mime': '/home/container/node_modules/.mime-OqpHjQqc',
133 silly reify   '/home/container/node_modules/.bin/mime': '/home/container/node_modules/.bin/.mime-eoW5cL08',
133 silly reify   '/home/container/node_modules/semver': '/home/container/node_modules/.semver-clkkOKMn',
133 silly reify   '/home/container/node_modules/.bin/semver': '/home/container/node_modules/.bin/.semver-6FrAJfdb',
133 silly reify   '/home/container/node_modules/teeny-request/node_modules/uuid': '/home/container/node_modules/teeny-request/node_modules/.uuid-aAPliG5P',
133 silly reify   '/home/container/node_modules/teeny-request/node_modules/.bin/uuid': '/home/container/node_modules/teeny-request/node_modules/.bin/.uuid-M9kA2vuc',
133 silly reify   '/home/container/node_modules/uuid': '/home/container/node_modules/.uuid-bJQR8Pxz',
133 silly reify   '/home/container/node_modules/.bin/uuid': '/home/container/node_modules/.bin/.uuid-GjpJUL4x',
133 silly reify   '/home/container/node_modules/@google-cloud/storage/node_modules/uuid': '/home/container/node_modules/@google-cloud/storage/node_modules/.uuid-yhgcQhCf',
133 silly reify   '/home/container/node_modules/@google-cloud/storage/node_modules/.bin/uuid': '/home/container/node_modules/@google-cloud/storage/node_modules/.bin/.uuid-OPNHBEYH',
133 silly reify   '/home/container/node_modules/@grpc/proto-loader': '/home/container/node_modules/@grpc/.proto-loader-Tmmjyt97',
133 silly reify   '/home/container/node_modules/.bin/proto-loader-gen-types': '/home/container/node_modules/.bin/.proto-loader-gen-types-mjIZ6MPI',
133 silly reify   '/home/container/backend/node_modules/anymatch': '/home/container/backend/node_modules/.anymatch-hkCjpkRS',
133 silly reify   '/home/container/backend/node_modules/balanced-match': '/home/container/backend/node_modules/.balanced-match-twb9YIuQ',
133 silly reify   '/home/container/backend/node_modules/binary-extensions': '/home/container/backend/node_modules/.binary-extensions-CeTMvbjA',
133 silly reify   '/home/container/backend/node_modules/braces': '/home/container/backend/node_modules/.braces-uJHif07i',
133 silly reify   '/home/container/backend/node_modules/chokidar': '/home/container/backend/node_modules/.chokidar-UTnlwPcw',
133 silly reify   '/home/container/backend/node_modules/fill-range': '/home/container/backend/node_modules/.fill-range-RJOdSnBU',
133 silly reify   '/home/container/backend/node_modules/glob-parent': '/home/container/backend/node_modules/.glob-parent-kbHxvT2M',
133 silly reify   '/home/container/backend/node_modules/is-binary-path': '/home/container/backend/node_modules/.is-binary-path-T226C25A',
133 silly reify   '/home/container/backend/node_modules/is-extglob': '/home/container/backend/node_modules/.is-extglob-adnFt0SD',
133 silly reify   '/home/container/backend/node_modules/is-glob': '/home/container/backend/node_modules/.is-glob-XYyDfpZt',
133 silly reify   '/home/container/backend/node_modules/is-number': '/home/container/backend/node_modules/.is-number-Go1DFVsi',
133 silly reify   '/home/container/backend/node_modules/media-typer': '/home/container/backend/node_modules/.media-typer-kOr2xRKk',
133 silly reify   '/home/container/backend/node_modules/normalize-path': '/home/container/backend/node_modules/.normalize-path-LOe6FC01',
133 silly reify   '/home/container/backend/node_modules/object-assign': '/home/container/backend/node_modules/.object-assign-5LoTrTJV',
133 silly reify   '/home/container/backend/node_modules/picomatch': '/home/container/backend/node_modules/.picomatch-Zb2XTk7F',
133 silly reify   '/home/container/backend/node_modules/readdirp': '/home/container/backend/node_modules/.readdirp-KzW7r3vx',
133 silly reify   '/home/container/backend/node_modules/to-regex-range': '/home/container/backend/node_modules/.to-regex-range-Poyh2ZS1',
133 silly reify   '/home/container/backend/node_modules/type-is': '/home/container/backend/node_modules/.type-is-y7uzPwTv'
133 silly reify }
134 silly audit bulk request {
134 silly audit   'padel-ladder-backend': [ '0.1.0' ],
134 silly audit   accepts: [ '1.3.8' ],
134 silly audit   'array-flatten': [ '1.1.1' ],
134 silly audit   bcryptjs: [ '2.4.3' ],
134 silly audit   'body-parser': [ '1.20.3' ],
134 silly audit   'brace-expansion': [ '1.1.12' ],
134 silly audit   bytes: [ '3.1.2' ],
134 silly audit   'call-bound': [ '1.0.4' ],
134 silly audit   'concat-map': [ '0.0.1' ],
134 silly audit   'content-disposition': [ '0.5.4' ],
134 silly audit   'content-type': [ '1.0.5' ],
134 silly audit   cookie: [ '0.7.1' ],
134 silly audit   'cookie-signature': [ '1.0.6' ],
134 silly audit   cors: [ '2.8.5' ],
134 silly audit   debug: [ '2.6.9', '4.4.1' ],
134 silly audit   depd: [ '2.0.0' ],
134 silly audit   destroy: [ '1.2.0' ],
134 silly audit   dotenv: [ '16.6.1' ],
134 silly audit   'ee-first': [ '1.1.1' ],
134 silly audit   encodeurl: [ '2.0.0', '1.0.2' ],
134 silly audit   'escape-html': [ '1.0.3' ],
134 silly audit   etag: [ '1.8.1' ],
134 silly audit   express: [ '4.21.2' ],
134 silly audit   finalhandler: [ '1.3.1' ],
134 silly audit   forwarded: [ '0.2.0' ],
134 silly audit   fresh: [ '0.5.2' ],
134 silly audit   'has-flag': [ '3.0.0' ],
134 silly audit   'http-errors': [ '2.0.0' ],
134 silly audit   'iconv-lite': [ '0.4.24' ],
134 silly audit   'ignore-by-default': [ '1.0.1' ],
134 silly audit   'ipaddr.js': [ '1.9.1' ],
134 silly audit   'merge-descriptors': [ '1.0.3' ],
134 silly audit   methods: [ '1.1.2' ],
134 silly audit   mime: [ '1.6.0', '3.0.0' ],
134 silly audit   minimatch: [ '3.1.2' ],
134 silly audit   ms: [ '2.0.0', '2.1.3' ],
134 silly audit   negotiator: [ '0.6.3' ],
134 silly audit   nodemon: [ '3.1.10' ],
134 silly audit   'object-inspect': [ '1.13.4' ],
134 silly audit   'on-finished': [ '2.4.1' ],
134 silly audit   parseurl: [ '1.3.3' ],
134 silly audit   'path-to-regexp': [ '0.1.12' ],
134 silly audit   'proxy-addr': [ '2.0.7' ],
134 silly audit   'pstree.remy': [ '1.1.8' ],
134 silly audit   qs: [ '6.13.0' ],
134 silly audit   'range-parser': [ '1.2.1' ],
134 silly audit   'raw-body': [ '2.5.2' ],
134 silly audit   'safer-buffer': [ '2.1.2' ],
134 silly audit   send: [ '0.19.0' ],
134 silly audit   'serve-static': [ '1.16.2' ],
134 silly audit   setprototypeof: [ '1.2.0' ],
134 silly audit   'side-channel': [ '1.1.0' ],
134 silly audit   'side-channel-list': [ '1.0.0' ],
134 silly audit   'side-channel-map': [ '1.0.1' ],
134 silly audit   'side-channel-weakmap': [ '1.0.2' ],
134 silly audit   'simple-update-notifier': [ '2.0.0' ],
134 silly audit   'sql.js': [ '1.13.0' ],
134 silly audit   statuses: [ '2.0.1' ],
134 silly audit   'supports-color': [ '5.5.0' ],
134 silly audit   toidentifier: [ '1.0.1' ],
134 silly audit   touch: [ '3.1.1' ],
134 silly audit   'type-is': [ '1.6.18' ],
134 silly audit   undefsafe: [ '2.0.5' ],
134 silly audit   unpipe: [ '1.0.0' ],
134 silly audit   'utils-merge': [ '1.0.1' ],
134 silly audit   uuid: [ '9.0.1', '8.3.2', '10.0.0' ],
134 silly audit   vary: [ '1.1.2' ],
134 silly audit   'lru-cache': [ '6.0.0' ],
134 silly audit   semver: [ '7.7.2' ],
134 silly audit   yallist: [ '4.0.0' ],
134 silly audit   '@fastify/busboy': [ '3.2.0' ],
134 silly audit   '@firebase/app-check-interop-types': [ '0.3.2' ],
134 silly audit   '@firebase/app-types': [ '0.9.2' ],
134 silly audit   '@firebase/auth-interop-types': [ '0.2.3' ],
134 silly audit   '@firebase/component': [ '0.6.9' ],
134 silly audit   '@firebase/database': [ '1.0.8' ],
134 silly audit   '@firebase/database-compat': [ '1.0.8' ],
134 silly audit   '@firebase/database-types': [ '1.0.5' ],
134 silly audit   '@firebase/logger': [ '0.4.2' ],
134 silly audit   '@firebase/util': [ '1.10.0' ],
134 silly audit   '@google-cloud/firestore': [ '7.11.3' ],
134 silly audit   '@google-cloud/paginator': [ '5.0.2' ],
134 silly audit   '@google-cloud/projectify': [ '4.0.0' ],
134 silly audit   '@google-cloud/promisify': [ '4.0.0' ],
134 silly audit   '@google-cloud/storage': [ '7.17.0' ],
134 silly audit   '@grpc/proto-loader': [ '0.7.15' ],
134 silly audit   'ansi-regex': [ '5.0.1' ],
134 silly audit   'ansi-styles': [ '4.3.0' ],
134 silly audit   'emoji-regex': [ '8.0.0' ],
134 silly audit   'string-width': [ '4.2.3' ],
134 silly audit   'strip-ansi': [ '6.0.1' ],
134 silly audit   'wrap-ansi': [ '7.0.0' ],
134 silly audit   '@opentelemetry/api': [ '1.9.0' ],
134 silly audit   '@protobufjs/aspromise': [ '1.1.2' ],
134 silly audit   '@protobufjs/base64': [ '1.1.2' ],
134 silly audit   '@protobufjs/codegen': [ '2.0.4' ],
134 silly audit   '@protobufjs/eventemitter': [ '1.1.0' ],
134 silly audit   '@protobufjs/fetch': [ '1.1.0' ],
134 silly audit   '@protobufjs/float': [ '1.0.2' ],
134 silly audit   '@protobufjs/inquire': [ '1.1.0' ],
134 silly audit   '@protobufjs/path': [ '1.1.2' ],
134 silly audit   '@protobufjs/pool': [ '1.1.0' ],
134 silly audit   '@protobufjs/utf8': [ '1.1.0' ],
134 silly audit   '@tootallnate/once': [ '2.0.0' ],
134 silly audit   '@types/body-parser': [ '1.19.6' ],
134 silly audit   '@types/caseless': [ '0.12.5' ],
134 silly audit   '@types/connect': [ '3.4.38' ],
134 silly audit   '@types/express': [ '4.17.23' ],
134 silly audit   '@types/express-serve-static-core': [ '4.19.6' ],
134 silly audit   '@types/http-errors': [ '2.0.5' ],
134 silly audit   '@types/jsonwebtoken': [ '9.0.10' ],
134 silly audit   '@types/long': [ '4.0.2' ],
134 silly audit   '@types/mime': [ '1.3.5' ],
134 silly audit   '@types/ms': [ '2.1.0' ],
134 silly audit   '@types/node': [ '22.17.2' ],
134 silly audit   '@types/qs': [ '6.14.0' ],
134 silly audit   '@types/range-parser': [ '1.2.7' ],
134 silly audit   '@types/request': [ '2.48.13' ],
134 silly audit   '@types/send': [ '0.17.5' ],
134 silly audit   '@types/serve-static': [ '1.15.8' ],
134 silly audit   '@types/tough-cookie': [ '4.0.5' ],
134 silly audit   'abort-controller': [ '3.0.0' ],
134 silly audit   'agent-base': [ '7.1.4', '6.0.2' ],
134 silly audit   anymatch: [ '3.1.3' ],
134 silly audit   arrify: [ '2.0.1' ],
134 silly audit   'async-retry': [ '1.3.3' ],
134 silly audit   asynckit: [ '0.4.0' ],
134 silly audit   'balanced-match': [ '1.0.2' ],
134 silly audit   'base64-js': [ '1.5.1' ],
134 silly audit   'bignumber.js': [ '9.3.1' ],
134 silly audit   'binary-extensions': [ '2.3.0' ],
134 silly audit   braces: [ '3.0.3' ],
134 silly audit   'buffer-equal-constant-time': [ '1.0.1' ],
134 silly audit   'call-bind-apply-helpers': [ '1.0.2' ],
134 silly audit   chokidar: [ '3.6.0' ],
134 silly audit   'glob-parent': [ '5.1.2' ],
134 silly audit   cliui: [ '8.0.1' ],
134 silly audit   'color-convert': [ '2.0.1' ],
134 silly audit   'color-name': [ '1.1.4' ],
134 silly audit   'combined-stream': [ '1.0.8' ],
134 silly audit   'delayed-stream': [ '1.0.0' ],
134 silly audit   'dunder-proto': [ '1.0.1' ],
134 silly audit   duplexify: [ '4.1.3' ],
134 silly audit   'ecdsa-sig-formatter': [ '1.0.11' ],
134 silly audit   'end-of-stream': [ '1.4.5' ],
134 silly audit   'es-define-property': [ '1.0.1' ],
134 silly audit   'es-errors': [ '1.3.0' ],
134 silly audit   'es-object-atoms': [ '1.1.1' ],
134 silly audit   'es-set-tostringtag': [ '2.1.0' ],
134 silly audit   escalade: [ '3.2.0' ],
134 silly audit   'event-target-shim': [ '5.0.1' ],
134 silly audit   extend: [ '3.0.2' ],
134 silly audit   'farmhash-modern': [ '1.1.0' ],
134 silly audit   'fast-deep-equal': [ '3.1.3' ],
134 silly audit   'fast-xml-parser': [ '4.5.3' ],
134 silly audit   'faye-websocket': [ '0.11.4' ],
134 silly audit   'fill-range': [ '7.1.1' ],
134 silly audit   'firebase-admin': [ '12.7.0' ],
134 silly audit   'form-data': [ '2.5.5' ],
134 silly audit   fsevents: [ '2.3.3' ],
134 silly audit   'function-bind': [ '1.1.2' ],
134 silly audit   'functional-red-black-tree': [ '1.0.1' ],
134 silly audit   gaxios: [ '6.7.1' ],
134 silly audit   'gcp-metadata': [ '6.1.1' ],
134 silly audit   'get-caller-file': [ '2.0.5' ],
134 silly audit   'get-intrinsic': [ '1.3.0' ],
134 silly audit   'get-proto': [ '1.0.1' ],
134 silly audit   'google-auth-library': [ '9.15.1' ],
134 silly audit   'google-gax': [ '4.6.1' ],
134 silly audit   'google-logging-utils': [ '0.0.2' ],
134 silly audit   gopd: [ '1.2.0' ],
134 silly audit   gtoken: [ '7.1.0' ],
134 silly audit   'has-symbols': [ '1.1.0' ],
134 silly audit   'has-tostringtag': [ '1.0.2' ],
134 silly audit   hasown: [ '2.0.2' ],
134 silly audit   'html-entities': [ '2.6.0' ],
134 silly audit   'http-parser-js': [ '0.5.10' ],
134 silly audit   'http-proxy-agent': [ '5.0.0' ],
134 silly audit   'https-proxy-agent': [ '7.0.6', '5.0.1' ],
134 silly audit   inherits: [ '2.0.4' ],
134 silly audit   'is-binary-path': [ '2.1.0' ],
134 silly audit   'is-extglob': [ '2.1.1' ],
134 silly audit   'is-fullwidth-code-point': [ '3.0.0' ],
134 silly audit   'is-glob': [ '4.0.3' ],
134 silly audit   'is-number': [ '7.0.0' ],
134 silly audit   'is-stream': [ '2.0.1' ],
134 silly audit   jose: [ '4.15.9' ],
134 silly audit   'json-bigint': [ '1.0.0' ],
134 silly audit   jsonwebtoken: [ '9.0.2' ],
134 silly audit   jwa: [ '1.4.2', '2.0.1' ],
134 silly audit   jws: [ '3.2.2', '4.0.0' ],
134 silly audit   'jwks-rsa': [ '3.2.0' ],
134 silly audit   limiter: [ '1.1.5' ],
134 silly audit   'lodash.camelcase': [ '4.3.0' ],
134 silly audit   'lodash.clonedeep': [ '4.5.0' ],
134 silly audit   'lodash.includes': [ '4.3.0' ],
134 silly audit   'lodash.isboolean': [ '3.0.3' ],
134 silly audit   'lodash.isinteger': [ '4.0.4' ],
134 silly audit   'lodash.isnumber': [ '3.0.3' ],
134 silly audit   'lodash.isplainobject': [ '4.0.6' ],
134 silly audit   'lodash.isstring': [ '4.0.1' ],
134 silly audit   'lodash.once': [ '4.1.1' ],
134 silly audit   long: [ '5.3.2' ],
134 silly audit   'lru-memoizer': [ '2.3.0' ],
134 silly audit   'math-intrinsics': [ '1.1.0' ],
134 silly audit   'mime-db': [ '1.52.0' ],
134 silly audit   'mime-types': [ '2.1.35' ],
134 silly audit   'node-fetch': [ '2.7.0' ],
134 silly audit   'node-forge': [ '1.3.1' ],
134 silly audit   'normalize-path': [ '3.0.0' ],
134 silly audit   'object-assign': [ '4.1.1' ],
134 silly audit   'object-hash': [ '3.0.0' ],
134 silly audit   once: [ '1.4.0' ],
134 silly audit   'p-limit': [ '3.1.0' ],
134 silly audit   picomatch: [ '2.3.1' ],
134 silly audit   'proto3-json-serializer': [ '2.0.2' ],
134 silly audit   protobufjs: [ '7.5.4' ],
134 silly audit   'readable-stream': [ '3.6.2', '2.3.8' ],
134 silly audit   readdirp: [ '3.6.0' ],
134 silly audit   'require-directory': [ '2.1.1' ],
134 silly audit   retry: [ '0.13.1' ],
134 silly audit   'retry-request': [ '7.0.2' ],
134 silly audit   'safe-buffer': [ '5.2.1', '5.1.2' ],
134 silly audit   'stream-events': [ '1.0.5' ],
134 silly audit   'stream-shift': [ '1.0.3' ],
134 silly audit   string_decoder: [ '1.3.0', '1.1.1' ],
134 silly audit   strnum: [ '1.1.2' ],
134 silly audit   stubs: [ '3.0.0' ],
134 silly audit   'teeny-request': [ '9.0.0' ],
134 silly audit   'to-regex-range': [ '5.0.1' ],
134 silly audit   tr46: [ '0.0.3' ],
134 silly audit   tslib: [ '2.8.1' ],
134 silly audit   'undici-types': [ '6.21.0' ],
134 silly audit   'util-deprecate': [ '1.0.2' ],
134 silly audit   'webidl-conversions': [ '3.0.1' ],
134 silly audit   'websocket-driver': [ '0.7.4' ],
134 silly audit   'websocket-extensions': [ '0.1.4' ],
134 silly audit   'whatwg-url': [ '5.0.0' ],
134 silly audit   wrappy: [ '1.0.2' ],
134 silly audit   y18n: [ '5.0.8' ],
134 silly audit   yargs: [ '17.7.2' ],
134 silly audit   'yargs-parser': [ '21.1.1' ],
134 silly audit   'yocto-queue': [ '0.1.0' ],
134 silly audit   multer: [ '1.4.5-lts.2' ],
134 silly audit   'append-field': [ '1.0.0' ],
134 silly audit   busboy: [ '1.6.0' ],
134 silly audit   'concat-stream': [ '1.6.2' ],
134 silly audit   mkdirp: [ '0.5.6' ],
134 silly audit   xtend: [ '4.0.2' ],
134 silly audit   streamsearch: [ '1.1.0' ],
134 silly audit   'buffer-from': [ '1.1.2' ],
134 silly audit   typedarray: [ '0.0.6' ],
134 silly audit   minimist: [ '1.2.8' ],
134 silly audit   'media-typer': [ '0.3.0' ],
134 silly audit   'core-util-is': [ '1.0.3' ],
134 silly audit   isarray: [ '1.0.0' ],
134 silly audit   'process-nextick-args': [ '2.0.1' ]
134 silly audit }
135 verbose reify failed optional dependency /home/container/node_modules/fsevents
136 silly reify mark deleted [ '/home/container/node_modules/fsevents' ]
137 http cache process-nextick-args@https://registry.npmjs.org/process-nextick-args/-/process-nextick-args-2.0.1.tgz 0ms (cache hit)
138 http cache isarray@https://registry.npmjs.org/isarray/-/isarray-1.0.0.tgz 0ms (cache hit)
139 http cache core-util-is@https://registry.npmjs.org/core-util-is/-/core-util-is-1.0.3.tgz 0ms (cache hit)
140 http cache media-typer@https://registry.npmjs.org/media-typer/-/media-typer-0.3.0.tgz 0ms (cache hit)
141 http cache typedarray@https://registry.npmjs.org/typedarray/-/typedarray-0.0.6.tgz 0ms (cache hit)
142 http cache buffer-from@https://registry.npmjs.org/buffer-from/-/buffer-from-1.1.2.tgz 0ms (cache hit)
143 http cache streamsearch@https://registry.npmjs.org/streamsearch/-/streamsearch-1.1.0.tgz 0ms (cache hit)
144 http cache xtend@https://registry.npmjs.org/xtend/-/xtend-4.0.2.tgz 0ms (cache hit)
145 http cache type-is@https://registry.npmjs.org/type-is/-/type-is-1.6.18.tgz 1ms (cache hit)
146 http cache mkdirp@https://registry.npmjs.org/mkdirp/-/mkdirp-0.5.6.tgz 0ms (cache hit)
147 http cache concat-stream@https://registry.npmjs.org/concat-stream/-/concat-stream-1.6.2.tgz 0ms (cache hit)
148 http cache busboy@https://registry.npmjs.org/busboy/-/busboy-1.6.0.tgz 0ms (cache hit)
149 http cache append-field@https://registry.npmjs.org/append-field/-/append-field-1.0.0.tgz 0ms (cache hit)
150 http cache multer@https://registry.npmjs.org/multer/-/multer-1.4.5-lts.2.tgz 0ms (cache hit)
151 silly packumentCache corgi:https://registry.npmjs.org/@grpc%2fproto-loader cache-miss
152 silly packumentCache corgi:https://registry.npmjs.org/uuid cache-miss
153 silly packumentCache corgi:https://registry.npmjs.org/semver cache-miss
154 silly packumentCache corgi:https://registry.npmjs.org/mime cache-miss
155 silly packumentCache corgi:https://registry.npmjs.org/fast-xml-parser cache-miss
156 http cache string_decoder@https://registry.npmjs.org/string_decoder/-/string_decoder-1.1.1.tgz 1ms (cache hit)
157 http cache safe-buffer@https://registry.npmjs.org/safe-buffer/-/safe-buffer-5.1.2.tgz 0ms (cache hit)
158 silly packumentCache corgi:https://registry.npmjs.org/uuid cache-miss
159 http cache readable-stream@https://registry.npmjs.org/readable-stream/-/readable-stream-2.3.8.tgz 0ms (cache hit)
160 silly packumentCache corgi:https://registry.npmjs.org/uuid cache-miss
161 silly packumentCache corgi:https://registry.npmjs.org/uuid cache-miss
162 silly packumentCache corgi:https://registry.npmjs.org/uuid cache-miss
163 http cache minimist@https://registry.npmjs.org/minimist/-/minimist-1.2.8.tgz 0ms (cache hit)
164 silly tarball no local data for process-nextick-args@https://registry.npmjs.org/process-nextick-args/-/process-nextick-args-2.0.1.tgz. Extracting by manifest.
165 silly tarball no local data for isarray@https://registry.npmjs.org/isarray/-/isarray-1.0.0.tgz. Extracting by manifest.
166 silly tarball no local data for core-util-is@https://registry.npmjs.org/core-util-is/-/core-util-is-1.0.3.tgz. Extracting by manifest.
167 silly tarball no local data for media-typer@https://registry.npmjs.org/media-typer/-/media-typer-0.3.0.tgz. Extracting by manifest.
168 silly tarball no local data for typedarray@https://registry.npmjs.org/typedarray/-/typedarray-0.0.6.tgz. Extracting by manifest.
169 silly tarball no local data for buffer-from@https://registry.npmjs.org/buffer-from/-/buffer-from-1.1.2.tgz. Extracting by manifest.
170 silly tarball no local data for streamsearch@https://registry.npmjs.org/streamsearch/-/streamsearch-1.1.0.tgz. Extracting by manifest.
171 silly tarball no local data for xtend@https://registry.npmjs.org/xtend/-/xtend-4.0.2.tgz. Extracting by manifest.
172 silly tarball no local data for type-is@https://registry.npmjs.org/type-is/-/type-is-1.6.18.tgz. Extracting by manifest.
173 silly tarball no local data for mkdirp@https://registry.npmjs.org/mkdirp/-/mkdirp-0.5.6.tgz. Extracting by manifest.
174 silly tarball no local data for concat-stream@https://registry.npmjs.org/concat-stream/-/concat-stream-1.6.2.tgz. Extracting by manifest.
175 silly tarball no local data for busboy@https://registry.npmjs.org/busboy/-/busboy-1.6.0.tgz. Extracting by manifest.
176 silly tarball no local data for append-field@https://registry.npmjs.org/append-field/-/append-field-1.0.0.tgz. Extracting by manifest.
177 silly tarball no local data for multer@https://registry.npmjs.org/multer/-/multer-1.4.5-lts.2.tgz. Extracting by manifest.
178 silly tarball no local data for string_decoder@https://registry.npmjs.org/string_decoder/-/string_decoder-1.1.1.tgz. Extracting by manifest.
179 silly tarball no local data for safe-buffer@https://registry.npmjs.org/safe-buffer/-/safe-buffer-5.1.2.tgz. Extracting by manifest.
180 silly tarball no local data for readable-stream@https://registry.npmjs.org/readable-stream/-/readable-stream-2.3.8.tgz. Extracting by manifest.
181 silly tarball no local data for minimist@https://registry.npmjs.org/minimist/-/minimist-1.2.8.tgz. Extracting by manifest.
182 http fetch GET 200 https://registry.npmjs.org/buffer-from/-/buffer-from-1.1.2.tgz 112ms (cache miss)
183 http fetch GET 200 https://registry.npmjs.org/uuid 121ms (cache miss)
184 silly packumentCache corgi:https://registry.npmjs.org/uuid set size:undefined disposed:false
185 http fetch GET 200 https://registry.npmjs.org/uuid 214ms (cache miss)
186 silly packumentCache corgi:https://registry.npmjs.org/uuid set size:undefined disposed:false
187 http fetch GET 200 https://registry.npmjs.org/uuid 226ms (cache miss)
188 silly packumentCache corgi:https://registry.npmjs.org/uuid set size:undefined disposed:false
189 http fetch GET 200 https://registry.npmjs.org/core-util-is/-/core-util-is-1.0.3.tgz 235ms (cache miss)
190 http fetch GET 200 https://registry.npmjs.org/process-nextick-args/-/process-nextick-args-2.0.1.tgz 237ms (cache miss)
191 http fetch GET 200 https://registry.npmjs.org/streamsearch/-/streamsearch-1.1.0.tgz 233ms (cache miss)
192 http fetch GET 200 https://registry.npmjs.org/isarray/-/isarray-1.0.0.tgz 239ms (cache miss)
193 http fetch GET 200 https://registry.npmjs.org/mkdirp/-/mkdirp-0.5.6.tgz 237ms (cache miss)
194 http fetch GET 200 https://registry.npmjs.org/typedarray/-/typedarray-0.0.6.tgz 241ms (cache miss)
195 http fetch GET 200 https://registry.npmjs.org/xtend/-/xtend-4.0.2.tgz 241ms (cache miss)
196 http fetch GET 200 https://registry.npmjs.org/concat-stream/-/concat-stream-1.6.2.tgz 241ms (cache miss)
197 http fetch GET 200 https://registry.npmjs.org/safe-buffer/-/safe-buffer-5.1.2.tgz 236ms (cache miss)
198 http fetch GET 200 https://registry.npmjs.org/append-field/-/append-field-1.0.0.tgz 249ms (cache miss)
199 http fetch GET 200 https://registry.npmjs.org/type-is/-/type-is-1.6.18.tgz 256ms (cache miss)
200 http fetch GET 200 https://registry.npmjs.org/string_decoder/-/string_decoder-1.1.1.tgz 252ms (cache miss)
201 http fetch GET 200 https://registry.npmjs.org/mime 283ms (cache miss)
202 silly packumentCache corgi:https://registry.npmjs.org/mime set size:undefined disposed:false
203 http fetch GET 200 https://registry.npmjs.org/uuid 291ms (cache miss)
204 silly packumentCache corgi:https://registry.npmjs.org/uuid set size:undefined disposed:false
205 http fetch GET 200 https://registry.npmjs.org/multer/-/multer-1.4.5-lts.2.tgz 290ms (cache miss)
206 warn deprecated multer@1.4.5-lts.2: Multer 1.x is impacted by a number of vulnerabilities, which have been patched in 2.x. You should upgrade to the latest 2.x version.
207 http fetch GET 200 https://registry.npmjs.org/semver 312ms (cache miss)
208 silly packumentCache corgi:https://registry.npmjs.org/semver set size:undefined disposed:false
209 http fetch GET 200 https://registry.npmjs.org/minimist/-/minimist-1.2.8.tgz 312ms (cache miss)
210 http fetch POST 200 https://registry.npmjs.org/-/npm/v1/security/advisories/bulk 385ms
211 silly audit report {}
212 http fetch GET 200 https://registry.npmjs.org/busboy/-/busboy-1.6.0.tgz 353ms (cache miss)
213 http fetch GET 200 https://registry.npmjs.org/fast-xml-parser 370ms (cache miss)
214 silly packumentCache corgi:https://registry.npmjs.org/fast-xml-parser set size:undefined disposed:false
215 http fetch GET 200 https://registry.npmjs.org/readable-stream/-/readable-stream-2.3.8.tgz 357ms (cache miss)
216 http fetch GET 200 https://registry.npmjs.org/mime/-/mime-3.0.0.tgz 112ms (cache miss)
217 http fetch GET 200 https://registry.npmjs.org/uuid/-/uuid-8.3.2.tgz 237ms (cache miss)
218 http fetch GET 200 https://registry.npmjs.org/@grpc%2fproto-loader 458ms (cache miss)
219 silly packumentCache corgi:https://registry.npmjs.org/@grpc%2fproto-loader set size:undefined disposed:false
220 http fetch GET 200 https://registry.npmjs.org/uuid/-/uuid-9.0.1.tgz 231ms (cache miss)
221 http fetch GET 200 https://registry.npmjs.org/uuid/-/uuid-9.0.1.tgz 175ms (cache miss)
222 http fetch GET 200 https://registry.npmjs.org/semver/-/semver-7.7.2.tgz 158ms (cache miss)
223 http fetch GET 200 https://registry.npmjs.org/uuid/-/uuid-10.0.0.tgz 353ms (cache miss)
224 http fetch GET 200 https://registry.npmjs.org/fast-xml-parser/-/fast-xml-parser-4.5.3.tgz 126ms (cache miss)
225 http fetch GET 200 https://registry.npmjs.org/@grpc/proto-loader/-/proto-loader-0.7.15.tgz 51ms (cache miss)
226 http fetch GET 200 https://registry.npmjs.org/media-typer/-/media-typer-0.3.0.tgz 647ms (cache miss)
227 http fetch GET 200 https://registry.npmjs.org/uuid 653ms (cache miss)
228 silly packumentCache corgi:https://registry.npmjs.org/uuid set size:undefined disposed:false
229 http cache https://registry.npmjs.org/uuid/-/uuid-9.0.1.tgz 10ms (cache hit)
230 silly ADD node_modules/process-nextick-args
231 silly ADD node_modules/isarray
232 silly ADD node_modules/core-util-is
233 silly ADD node_modules/media-typer
234 silly ADD node_modules/minimist
235 silly ADD node_modules/typedarray
236 silly ADD node_modules/buffer-from
237 silly ADD node_modules/streamsearch
238 silly ADD node_modules/xtend
239 silly ADD node_modules/type-is
240 silly ADD node_modules/mkdirp
241 silly ADD node_modules/concat-stream
242 silly ADD node_modules/concat-stream/node_modules/string_decoder
243 silly ADD node_modules/concat-stream/node_modules/safe-buffer
244 silly ADD node_modules/concat-stream/node_modules/readable-stream
245 silly ADD node_modules/busboy
246 silly ADD node_modules/append-field
247 silly ADD node_modules/multer
248 silly ADD
249 silly REMOVE backend/node_modules/type-is
250 silly REMOVE backend/node_modules/to-regex-range
251 silly REMOVE backend/node_modules/readdirp
252 silly REMOVE backend/node_modules/picomatch
253 silly REMOVE backend/node_modules/object-assign
254 silly REMOVE backend/node_modules/normalize-path
255 silly REMOVE backend/node_modules/media-typer
256 silly REMOVE backend/node_modules/is-number
257 silly REMOVE backend/node_modules/is-glob
258 silly REMOVE backend/node_modules/is-extglob
259 silly REMOVE backend/node_modules/is-binary-path
260 silly REMOVE backend/node_modules/glob-parent
261 silly REMOVE backend/node_modules/fill-range
262 silly REMOVE backend/node_modules/chokidar
263 silly REMOVE backend/node_modules/braces
264 silly REMOVE backend/node_modules/binary-extensions
265 silly REMOVE backend/node_modules/balanced-match
266 silly REMOVE backend/node_modules/anymatch
267 silly CHANGE node_modules/@grpc/proto-loader
268 silly CHANGE node_modules/@google-cloud/storage/node_modules/uuid
269 silly CHANGE node_modules/uuid
270 silly CHANGE node_modules/teeny-request/node_modules/uuid
271 silly CHANGE node_modules/semver
272 silly CHANGE node_modules/mime
273 silly CHANGE node_modules/google-gax/node_modules/uuid
274 silly CHANGE node_modules/gaxios/node_modules/uuid
275 silly CHANGE node_modules/fast-xml-parser
276 silly CHANGE node_modules/padel-ladder-backend
277 verbose cwd /home/container
278 verbose os Linux 6.14.0-1009-oracle
279 verbose node v21.7.3
280 verbose npm  v10.9.3
281 notice
281 notice New [31mmajor[39m version of npm available! [31m10.9.3[39m -> [34m11.5.2[39m
281 notice Changelog: [34mhttps://github.com/npm/cli/releases/tag/v11.5.2[39m
281 notice To update run: [4mnpm install -g npm@11.5.2[24m
281 notice  { force: true, [Symbol(proc-log.meta)]: true }
282 verbose exit 0
283 info ok
